{"level":"info","message":"Server running on port 5000","timestamp":"2024-11-08T08:12:26.613Z"}
{"level":"info","message":"MongoDB Connected Successfully","timestamp":"2024-11-08T08:12:30.956Z"}
{"level":"info","message":"::1 - - [08/Nov/2024:08:44:04 +0000] \"GET /api/students HTTP/1.1\" 500 196 \"-\" \"PostmanRuntime/7.39.1\"","timestamp":"2024-11-08T08:44:04.051Z"}
{"level":"info","message":"::1 - - [08/Nov/2024:08:49:12 +0000] \"GET /api/students HTTP/1.1\" 500 196 \"-\" \"PostmanRuntime/7.39.1\"","timestamp":"2024-11-08T08:49:12.484Z"}
{"level":"info","message":"Server running on port 5000","timestamp":"2024-11-08T08:54:53.542Z"}
{"level":"error","message":"MongoDB Connection Failed: Could not connect to any servers in your MongoDB Atlas cluster. One common reason is that you're trying to access the database from an IP that isn't whitelisted. Make sure your current IP address is on your Atlas cluster's IP whitelist: https://www.mongodb.com/docs/atlas/security-whitelist/","timestamp":"2024-11-08T08:55:23.716Z"}
{"level":"info","message":"Server running on port 5000","timestamp":"2024-11-08T09:36:07.959Z"}
{"level":"info","message":"MongoDB Connected Successfully","timestamp":"2024-11-08T09:36:09.510Z"}
{"level":"info","message":"::1 - - [08/Nov/2024:09:36:55 +0000] \"POST /api/students HTTP/1.1\" 201 225 \"-\" \"PostmanRuntime/7.39.1\"","timestamp":"2024-11-08T09:36:55.410Z"}
{"level":"info","message":"::1 - - [08/Nov/2024:09:37:09 +0000] \"POST /api/students HTTP/1.1\" 400 50 \"-\" \"PostmanRuntime/7.39.1\"","timestamp":"2024-11-08T09:37:09.526Z"}
{"level":"info","message":"Server running on port 5000","timestamp":"2024-11-08T09:39:50.426Z"}
{"level":"info","message":"MongoDB Connected Successfully","timestamp":"2024-11-08T09:39:52.167Z"}
{"level":"info","message":"::1 - - [08/Nov/2024:09:40:00 +0000] \"POST /api/students HTTP/1.1\" 400 50 \"-\" \"PostmanRuntime/7.39.1\"","timestamp":"2024-11-08T09:40:00.822Z"}
{"level":"info","message":"::1 - - [08/Nov/2024:09:40:12 +0000] \"POST /api/students HTTP/1.1\" 201 226 \"-\" \"PostmanRuntime/7.39.1\"","timestamp":"2024-11-08T09:40:12.035Z"}
{"level":"info","message":"::1 - - [08/Nov/2024:09:40:33 +0000] \"POST /api/students HTTP/1.1\" 201 233 \"-\" \"PostmanRuntime/7.39.1\"","timestamp":"2024-11-08T09:40:33.444Z"}
{"level":"info","message":"Server running on port 5000","timestamp":"2024-11-08T09:48:11.316Z"}
{"level":"info","message":"Server running on port 5000","timestamp":"2024-11-08T09:48:14.504Z"}
{"level":"info","message":"Server running on port 5000","timestamp":"2024-11-08T09:48:16.202Z"}
{"level":"info","message":"MongoDB Connected Successfully","timestamp":"2024-11-08T09:48:17.467Z"}
{"level":"info","message":"::1 - - [08/Nov/2024:09:48:45 +0000] \"POST /api/students HTTP/1.1\" 201 232 \"-\" \"PostmanRuntime/7.39.1\"","timestamp":"2024-11-08T09:48:45.194Z"}
{"level":"info","message":"Server running on port 5000","timestamp":"2024-11-08T09:49:38.482Z"}
{"level":"info","message":"MongoDB Connected Successfully","timestamp":"2024-11-08T09:49:42.257Z"}
{"level":"info","message":"Server running on port 5000","timestamp":"2024-11-08T09:49:46.106Z"}
{"level":"info","message":"MongoDB Connected Successfully","timestamp":"2024-11-08T09:49:47.399Z"}
{"level":"info","message":"::1 - - [08/Nov/2024:09:50:05 +0000] \"POST /api/students HTTP/1.1\" 201 234 \"-\" \"PostmanRuntime/7.39.1\"","timestamp":"2024-11-08T09:50:05.271Z"}
{"level":"info","message":"Server running on port 5000","timestamp":"2024-11-08T09:52:29.055Z"}
{"level":"info","message":"Server running on port 5000","timestamp":"2024-11-08T09:52:32.388Z"}
{"level":"info","message":"MongoDB Connected Successfully","timestamp":"2024-11-08T09:52:33.979Z"}
{"level":"info","message":"Server running on port 5000","timestamp":"2024-11-08T09:52:34.660Z"}
{"level":"info","message":"MongoDB Connected Successfully","timestamp":"2024-11-08T09:52:37.953Z"}
{"level":"info","message":"Server running on port 5000","timestamp":"2024-11-08T09:52:45.373Z"}
{"level":"info","message":"MongoDB Connected Successfully","timestamp":"2024-11-08T09:52:48.675Z"}
{"level":"info","message":"::1 - - [08/Nov/2024:09:53:11 +0000] \"POST /api/students HTTP/1.1\" 400 50 \"-\" \"PostmanRuntime/7.39.1\"","timestamp":"2024-11-08T09:53:11.081Z"}
{"level":"info","message":"::1 - - [08/Nov/2024:09:53:29 +0000] \"POST /api/students HTTP/1.1\" 201 237 \"-\" \"PostmanRuntime/7.39.1\"","timestamp":"2024-11-08T09:53:29.717Z"}
{"level":"info","message":"Server running on port 5000","timestamp":"2024-11-08T09:53:48.142Z"}
{"level":"info","message":"MongoDB Connected Successfully","timestamp":"2024-11-08T09:53:51.757Z"}
{"level":"info","message":"::1 - - [08/Nov/2024:09:53:54 +0000] \"POST /api/students HTTP/1.1\" 400 50 \"-\" \"PostmanRuntime/7.39.1\"","timestamp":"2024-11-08T09:53:54.448Z"}
{"level":"info","message":"::1 - - [08/Nov/2024:09:54:03 +0000] \"POST /api/students HTTP/1.1\" 400 50 \"-\" \"PostmanRuntime/7.39.1\"","timestamp":"2024-11-08T09:54:03.308Z"}
{"level":"info","message":"::1 - - [08/Nov/2024:09:54:03 +0000] \"POST /api/students HTTP/1.1\" 400 50 \"-\" \"PostmanRuntime/7.39.1\"","timestamp":"2024-11-08T09:54:03.593Z"}
{"level":"info","message":"::1 - - [08/Nov/2024:09:54:24 +0000] \"POST /api/students HTTP/1.1\" 400 50 \"-\" \"PostmanRuntime/7.39.1\"","timestamp":"2024-11-08T09:54:24.917Z"}
{"level":"info","message":"Server running on port 5000","timestamp":"2024-11-08T09:55:47.507Z"}
{"level":"info","message":"MongoDB Connected Successfully","timestamp":"2024-11-08T09:55:51.311Z"}
{"level":"info","message":"::1 - - [08/Nov/2024:09:56:00 +0000] \"POST /api/students HTTP/1.1\" 400 50 \"-\" \"PostmanRuntime/7.39.1\"","timestamp":"2024-11-08T09:56:00.735Z"}
{"level":"info","message":"::1 - - [08/Nov/2024:09:56:22 +0000] \"POST /api/students HTTP/1.1\" 201 241 \"-\" \"PostmanRuntime/7.39.1\"","timestamp":"2024-11-08T09:56:22.814Z"}
{"level":"info","message":"Server running on port 5000","timestamp":"2024-11-08T09:57:33.040Z"}
{"level":"info","message":"MongoDB Connected Successfully","timestamp":"2024-11-08T09:57:36.726Z"}
{"level":"info","message":"Server running on port 5000","timestamp":"2024-11-08T09:57:38.363Z"}
{"level":"info","message":"Server running on port 5000","timestamp":"2024-11-08T09:57:40.130Z"}
{"level":"info","message":"MongoDB Connected Successfully","timestamp":"2024-11-08T09:57:41.704Z"}
{"level":"info","message":"Server running on port 5000","timestamp":"2024-11-08T09:57:42.961Z"}
{"level":"info","message":"MongoDB Connected Successfully","timestamp":"2024-11-08T09:57:46.350Z"}
{"level":"info","message":"::1 - - [08/Nov/2024:09:57:48 +0000] \"POST /api/students HTTP/1.1\" 400 50 \"-\" \"PostmanRuntime/7.39.1\"","timestamp":"2024-11-08T09:57:48.399Z"}
{"level":"info","message":"::1 - - [08/Nov/2024:09:57:55 +0000] \"POST /api/students HTTP/1.1\" 201 244 \"-\" \"PostmanRuntime/7.39.1\"","timestamp":"2024-11-08T09:57:55.666Z"}
{"level":"info","message":"Server running on port 5000","timestamp":"2024-11-08T09:59:25.698Z"}
{"level":"info","message":"Server running on port 5000","timestamp":"2024-11-08T09:59:29.834Z"}
{"level":"info","message":"Server running on port 5000","timestamp":"2024-11-08T09:59:31.188Z"}
{"level":"info","message":"MongoDB Connected Successfully","timestamp":"2024-11-08T09:59:34.534Z"}
{"level":"info","message":"::1 - - [08/Nov/2024:10:00:05 +0000] \"POST /api/students HTTP/1.1\" 201 229 \"-\" \"PostmanRuntime/7.39.1\"","timestamp":"2024-11-08T10:00:05.059Z"}
{"level":"info","message":"::1 - - [08/Nov/2024:10:00:31 +0000] \"POST /api/students HTTP/1.1\" 400 50 \"-\" \"PostmanRuntime/7.39.1\"","timestamp":"2024-11-08T10:00:31.916Z"}
{"level":"info","message":"::1 - - [08/Nov/2024:10:01:17 +0000] \"POST /api/students HTTP/1.1\" 201 232 \"-\" \"PostmanRuntime/7.39.1\"","timestamp":"2024-11-08T10:01:17.752Z"}
{"level":"info","message":"Server running on port 5000","timestamp":"2024-11-08T10:01:58.502Z"}
{"level":"info","message":"MongoDB Connected Successfully","timestamp":"2024-11-08T10:02:02.159Z"}
{"level":"info","message":"::1 - - [08/Nov/2024:10:02:11 +0000] \"POST /api/students HTTP/1.1\" 201 231 \"-\" \"PostmanRuntime/7.39.1\"","timestamp":"2024-11-08T10:02:11.952Z"}
{"level":"info","message":"Server running on port 5000","timestamp":"2024-11-08T10:04:01.568Z"}
{"level":"info","message":"Server running on port 5000","timestamp":"2024-11-08T10:04:05.864Z"}
{"level":"info","message":"Server running on port 5000","timestamp":"2024-11-08T10:04:11.176Z"}
{"level":"info","message":"MongoDB Connected Successfully","timestamp":"2024-11-08T10:04:14.412Z"}
{"level":"info","message":"Server running on port 5000","timestamp":"2024-11-08T10:04:29.116Z"}
{"level":"info","message":"Server running on port 5000","timestamp":"2024-11-08T10:04:41.344Z"}
{"level":"info","message":"Server running on port 5000","timestamp":"2024-11-08T10:04:43.944Z"}
{"level":"info","message":"MongoDB Connected Successfully","timestamp":"2024-11-08T10:05:10.301Z"}
{"level":"info","message":"::1 - - [08/Nov/2024:10:05:10 +0000] \"POST /api/students HTTP/1.1\" 201 233 \"-\" \"PostmanRuntime/7.39.1\"","timestamp":"2024-11-08T10:05:10.974Z"}
{"level":"info","message":"Server running on port 5000","timestamp":"2024-11-08T10:05:45.675Z"}
{"level":"info","message":"Server running on port 5000","timestamp":"2024-11-08T10:05:48.728Z"}
{"level":"info","message":"Server running on port 5000","timestamp":"2024-11-08T10:05:50.044Z"}
{"level":"info","message":"Server running on port 5000","timestamp":"2024-11-08T10:05:52.174Z"}
{"level":"info","message":"Server running on port 5000","timestamp":"2024-11-08T10:05:55.046Z"}
{"level":"info","message":"Server running on port 5000","timestamp":"2024-11-08T10:05:56.119Z"}
{"level":"info","message":"MongoDB Connected Successfully","timestamp":"2024-11-08T10:05:57.504Z"}
{"level":"info","message":"Server running on port 5000","timestamp":"2024-11-08T10:06:06.084Z"}
{"level":"info","message":"MongoDB Connected Successfully","timestamp":"2024-11-08T10:06:10.664Z"}
{"level":"info","message":"Server running on port 5000","timestamp":"2024-11-08T10:06:28.883Z"}
{"level":"info","message":"MongoDB Connected Successfully","timestamp":"2024-11-08T10:06:30.162Z"}
{"level":"info","message":"::1 - - [08/Nov/2024:10:06:36 +0000] \"POST /api/students HTTP/1.1\" 400 51 \"-\" \"PostmanRuntime/7.39.1\"","timestamp":"2024-11-08T10:06:36.516Z"}
{"level":"info","message":"::1 - - [08/Nov/2024:10:06:53 +0000] \"POST /api/students HTTP/1.1\" 201 234 \"-\" \"PostmanRuntime/7.39.1\"","timestamp":"2024-11-08T10:06:53.460Z"}
{"level":"info","message":"Server running on port 5000","timestamp":"2024-11-08T10:08:13.221Z"}
{"level":"info","message":"Server running on port 5000","timestamp":"2024-11-08T10:08:22.745Z"}
{"level":"info","message":"MongoDB Connected Successfully","timestamp":"2024-11-08T10:08:34.050Z"}
{"level":"info","message":"::1 - - [08/Nov/2024:10:12:19 +0000] \"POST /api/students HTTP/1.1\" 201 234 \"-\" \"PostmanRuntime/7.39.1\"","timestamp":"2024-11-08T10:12:19.224Z"}
{"level":"info","message":"::1 - - [08/Nov/2024:10:12:42 +0000] \"POST /api/students HTTP/1.1\" 400 51 \"-\" \"PostmanRuntime/7.39.1\"","timestamp":"2024-11-08T10:12:42.949Z"}
{"level":"info","message":"Server running on port 5000","timestamp":"2024-11-08T10:13:14.333Z"}
{"level":"info","message":"MongoDB Connected Successfully","timestamp":"2024-11-08T10:13:18.104Z"}
{"level":"info","message":"Server running on port 5000","timestamp":"2024-11-08T10:13:19.414Z"}
{"level":"info","message":"MongoDB Connected Successfully","timestamp":"2024-11-08T10:13:20.723Z"}
{"level":"info","message":"Server running on port 5000","timestamp":"2024-11-08T10:13:23.591Z"}
{"level":"info","message":"MongoDB Connected Successfully","timestamp":"2024-11-08T10:13:26.829Z"}
{"level":"info","message":"Server running on port 5000","timestamp":"2024-11-08T10:13:28.122Z"}
{"level":"info","message":"MongoDB Connected Successfully","timestamp":"2024-11-08T10:13:31.565Z"}
{"level":"info","message":"Server running on port 5000","timestamp":"2024-11-08T10:13:43.145Z"}
{"level":"info","message":"Server running on port 5000","timestamp":"2024-11-08T10:13:44.677Z"}
{"level":"info","message":"MongoDB Connected Successfully","timestamp":"2024-11-08T10:13:48.016Z"}
{"level":"info","message":"::1 - - [08/Nov/2024:10:14:31 +0000] \"GET /api/students HTTP/1.1\" 200 2968 \"-\" \"PostmanRuntime/7.39.1\"","timestamp":"2024-11-08T10:14:31.602Z"}
{"level":"info","message":"::1 - - [08/Nov/2024:10:14:55 +0000] \"GET /api/students/672ddbb76999f0a4e86dc2a3 HTTP/1.1\" 200 225 \"-\" \"PostmanRuntime/7.39.1\"","timestamp":"2024-11-08T10:14:55.746Z"}
{"level":"info","message":"::1 - - [08/Nov/2024:10:15:37 +0000] \"GET /api/students?id=672ddbb76999f0a4e86dc2a3 HTTP/1.1\" 200 2968 \"-\" \"PostmanRuntime/7.39.1\"","timestamp":"2024-11-08T10:15:37.709Z"}
{"level":"info","message":"::1 - - [08/Nov/2024:10:19:31 +0000] \"GET /api/students/672ddbb76999f0a4e86dc2a3 HTTP/1.1\" 200 225 \"-\" \"PostmanRuntime/7.39.1\"","timestamp":"2024-11-08T10:19:31.513Z"}
{"level":"info","message":"Server running on port 5000","timestamp":"2024-11-08T10:22:19.133Z"}
{"level":"info","message":"MongoDB Connected Successfully","timestamp":"2024-11-08T10:22:31.156Z"}
{"level":"info","message":"MongoDB Connected Successfully","timestamp":"2024-11-08T10:23:50.320Z"}
{"level":"info","message":"MongoDB Connected Successfully","timestamp":"2024-11-08T10:43:38.242Z"}
{"level":"info","message":"Server running on port 5000","timestamp":"2024-11-08T10:43:58.417Z"}
{"level":"info","message":"MongoDB Connected Successfully","timestamp":"2024-11-08T10:44:03.959Z"}
{"level":"info","message":"::1 - - [08/Nov/2024:10:44:12 +0000] \"GET /api/students/672ddbb76999f0a4e86dc2a3 HTTP/1.1\" 200 225 \"-\" \"PostmanRuntime/7.42.0\"","timestamp":"2024-11-08T10:44:12.842Z"}
{"level":"info","message":"::1 - - [08/Nov/2024:10:44:21 +0000] \"GET /api/students HTTP/1.1\" 200 3180 \"-\" \"PostmanRuntime/7.42.0\"","timestamp":"2024-11-08T10:44:21.394Z"}
{"level":"info","message":"::1 - - [08/Nov/2024:11:03:57 +0000] \"GET /api%7D/students HTTP/1.1\" 404 154 \"-\" \"PostmanRuntime/7.42.0\"","timestamp":"2024-11-08T11:03:57.311Z"}
{"level":"info","message":"::1 - - [08/Nov/2024:11:10:21 +0000] \"POST /api/shift HTTP/1.1\" 404 149 \"-\" \"PostmanRuntime/7.42.0\"","timestamp":"2024-11-08T11:10:21.180Z"}
{"level":"info","message":"Server running on port 5000","timestamp":"2024-11-08T12:42:34.389Z"}
{"level":"info","message":"::1 - - [08/Nov/2024:12:42:47 +0000] \"GET /api/students HTTP/1.1\" 500 91 \"-\" \"PostmanRuntime/7.42.0\"","timestamp":"2024-11-08T12:42:47.959Z"}
{"level":"error","message":"MongoDB Connection Failed: Could not connect to any servers in your MongoDB Atlas cluster. One common reason is that you're trying to access the database from an IP that isn't whitelisted. Make sure your current IP address is on your Atlas cluster's IP whitelist: https://www.mongodb.com/docs/atlas/security-whitelist/","timestamp":"2024-11-08T12:43:04.583Z"}
{"level":"info","message":"Server running on port 5000","timestamp":"2024-11-08T12:44:22.775Z"}
{"level":"info","message":"::1 - - [08/Nov/2024:12:44:36 +0000] \"GET /api/students HTTP/1.1\" 500 91 \"-\" \"PostmanRuntime/7.42.0\"","timestamp":"2024-11-08T12:44:36.234Z"}
{"level":"info","message":"Server running on port 5000","timestamp":"2024-11-08T12:44:49.195Z"}
{"level":"error","message":"MongoDB Connection Failed: Could not connect to any servers in your MongoDB Atlas cluster. One common reason is that you're trying to access the database from an IP that isn't whitelisted. Make sure your current IP address is on your Atlas cluster's IP whitelist: https://www.mongodb.com/docs/atlas/security-whitelist/","timestamp":"2024-11-08T12:45:19.322Z"}
{"level":"info","message":"Server running on port 5000","timestamp":"2024-11-08T12:46:49.655Z"}
{"level":"info","message":"MongoDB Connected Successfully","timestamp":"2024-11-08T12:46:52.511Z"}
{"level":"info","message":"::1 - - [08/Nov/2024:12:47:49 +0000] \"GET /api/students HTTP/1.1\" 200 3180 \"-\" \"PostmanRuntime/7.42.0\"","timestamp":"2024-11-08T12:47:49.375Z"}
{"level":"info","message":"::1 - - [08/Nov/2024:12:48:04 +0000] \"GET /apistudents HTTP/1.1\" 404 150 \"-\" \"PostmanRuntime/7.42.0\"","timestamp":"2024-11-08T12:48:04.278Z"}
{"level":"info","message":"::1 - - [08/Nov/2024:12:48:12 +0000] \"GET /api/students HTTP/1.1\" 200 3180 \"-\" \"PostmanRuntime/7.42.0\"","timestamp":"2024-11-08T12:48:12.744Z"}
{"level":"info","message":"::1 - - [08/Nov/2024:12:49:04 +0000] \"POST /api/shift HTTP/1.1\" 404 149 \"-\" \"PostmanRuntime/7.42.0\"","timestamp":"2024-11-08T12:49:04.136Z"}
{"level":"info","message":"::1 - - [08/Nov/2024:12:49:44 +0000] \"POST /api/shifts HTTP/1.1\" 201 127 \"-\" \"PostmanRuntime/7.42.0\"","timestamp":"2024-11-08T12:49:44.156Z"}
{"level":"info","message":"::1 - - [08/Nov/2024:12:50:54 +0000] \"POST /api/shifts HTTP/1.1\" 400 96 \"-\" \"PostmanRuntime/7.42.0\"","timestamp":"2024-11-08T12:50:54.173Z"}
{"level":"info","message":"::1 - - [08/Nov/2024:12:51:04 +0000] \"POST /api/shifts HTTP/1.1\" 201 129 \"-\" \"PostmanRuntime/7.42.0\"","timestamp":"2024-11-08T12:51:04.124Z"}
{"level":"info","message":"::1 - - [08/Nov/2024:12:51:17 +0000] \"POST /api/shifts HTTP/1.1\" 201 125 \"-\" \"PostmanRuntime/7.42.0\"","timestamp":"2024-11-08T12:51:17.400Z"}
{"level":"info","message":"::1 - - [08/Nov/2024:12:51:36 +0000] \"POST /api/shifts HTTP/1.1\" 201 128 \"-\" \"PostmanRuntime/7.42.0\"","timestamp":"2024-11-08T12:51:36.606Z"}
{"level":"info","message":"::1 - - [08/Nov/2024:12:51:52 +0000] \"GET /api/shift HTTP/1.1\" 404 148 \"-\" \"PostmanRuntime/7.42.0\"","timestamp":"2024-11-08T12:51:52.115Z"}
{"level":"info","message":"::1 - - [08/Nov/2024:12:51:59 +0000] \"GET /api/shifts HTTP/1.1\" 200 442 \"-\" \"PostmanRuntime/7.42.0\"","timestamp":"2024-11-08T12:51:59.278Z"}
{"level":"info","message":"::1 - - [08/Nov/2024:12:52:48 +0000] \"GET /api/shifts/672e09455987bbf7ed3e4b8b HTTP/1.1\" 200 125 \"-\" \"PostmanRuntime/7.42.0\"","timestamp":"2024-11-08T12:52:48.596Z"}
{"level":"info","message":"::1 - - [08/Nov/2024:12:53:38 +0000] \"DELETE /api%7D/shifts/672e09455987bbf7ed3e4b8b HTTP/1.1\" 404 180 \"-\" \"PostmanRuntime/7.42.0\"","timestamp":"2024-11-08T12:53:38.572Z"}
{"level":"info","message":"::1 - - [08/Nov/2024:12:54:39 +0000] \"DELETE /api/shifts/672e09455987bbf7ed3e4b8b HTTP/1.1\" 200 55 \"-\" \"PostmanRuntime/7.42.0\"","timestamp":"2024-11-08T12:54:39.491Z"}
{"level":"info","message":"::1 - - [08/Nov/2024:13:00:44 +0000] \"GET /api%7D/students HTTP/1.1\" 404 154 \"-\" \"PostmanRuntime/7.42.0\"","timestamp":"2024-11-08T13:00:44.401Z"}
{"level":"info","message":"::1 - - [08/Nov/2024:13:00:55 +0000] \"GET /api/students HTTP/1.1\" 200 3180 \"-\" \"PostmanRuntime/7.42.0\"","timestamp":"2024-11-08T13:00:55.560Z"}
{"level":"info","message":"::1 - - [08/Nov/2024:13:01:19 +0000] \"DELETE /api%7D%20/students/672dde7d78708aa2d1a7e8ef HTTP/1.1\" 404 185 \"-\" \"PostmanRuntime/7.42.0\"","timestamp":"2024-11-08T13:01:19.730Z"}
{"level":"info","message":"::1 - - [08/Nov/2024:13:01:33 +0000] \"DELETE /api%20/students/672dde7d78708aa2d1a7e8ef HTTP/1.1\" 404 182 \"-\" \"PostmanRuntime/7.42.0\"","timestamp":"2024-11-08T13:01:33.116Z"}
{"level":"info","message":"::1 - - [08/Nov/2024:13:01:44 +0000] \"DELETE /api/students/672dde7d78708aa2d1a7e8ef HTTP/1.1\" 200 57 \"-\" \"PostmanRuntime/7.42.0\"","timestamp":"2024-11-08T13:01:44.005Z"}
{"level":"info","message":"::1 - - [08/Nov/2024:13:09:21 +0000] \"GET /api/students HTTP/1.1\" 200 2971 \"-\" \"PostmanRuntime/7.42.0\"","timestamp":"2024-11-08T13:09:21.545Z"}
{"level":"info","message":"::1 - - [08/Nov/2024:13:09:47 +0000] \"GET /api%7D/students/672ddbb76999f0a4e86dc2a3 HTTP/1.1\" 404 179 \"-\" \"PostmanRuntime/7.42.0\"","timestamp":"2024-11-08T13:09:47.915Z"}
{"level":"info","message":"::1 - - [08/Nov/2024:13:09:58 +0000] \"GET /api/students/672ddbb76999f0a4e86dc2a3 HTTP/1.1\" 200 225 \"-\" \"PostmanRuntime/7.42.0\"","timestamp":"2024-11-08T13:09:58.419Z"}
{"level":"info","message":"::1 - - [08/Nov/2024:13:18:34 +0000] \"POST /api/students HTTP/1.1\" 400 57 \"-\" \"PostmanRuntime/7.42.0\"","timestamp":"2024-11-08T13:18:34.109Z"}
{"level":"info","message":"::1 - - [08/Nov/2024:13:19:03 +0000] \"POST /api/students HTTP/1.1\" 201 233 \"-\" \"PostmanRuntime/7.42.0\"","timestamp":"2024-11-08T13:19:03.272Z"}
{"level":"info","message":"::1 - - [08/Nov/2024:13:19:42 +0000] \"PUT /api/students/672e0fc75987bbf7ed3e4b97 HTTP/1.1\" 400 51 \"-\" \"PostmanRuntime/7.42.0\"","timestamp":"2024-11-08T13:19:42.925Z"}
{"level":"info","message":"::1 - - [08/Nov/2024:13:20:17 +0000] \"PUT /api/students/672e0fc75987bbf7ed3e4b97 HTTP/1.1\" 400 57 \"-\" \"PostmanRuntime/7.42.0\"","timestamp":"2024-11-08T13:20:17.900Z"}
{"level":"info","message":"Server running on port 5000","timestamp":"2024-11-08T13:22:09.853Z"}
{"level":"info","message":"Server running on port 5000","timestamp":"2024-11-08T13:22:13.436Z"}
{"level":"info","message":"Server running on port 5000","timestamp":"2024-11-08T13:22:16.144Z"}
{"level":"info","message":"MongoDB Connected Successfully","timestamp":"2024-11-08T13:22:20.341Z"}
{"level":"info","message":"Server running on port 5000","timestamp":"2024-11-08T13:22:26.969Z"}
{"level":"info","message":"MongoDB Connected Successfully","timestamp":"2024-11-08T13:22:28.373Z"}
{"level":"info","message":"Server running on port 5000","timestamp":"2024-11-08T13:23:23.796Z"}
{"level":"info","message":"MongoDB Connected Successfully","timestamp":"2024-11-08T13:23:30.474Z"}
{"level":"info","message":"Server running on port 5000","timestamp":"2024-11-08T13:23:39.498Z"}
{"level":"info","message":"MongoDB Connected Successfully","timestamp":"2024-11-08T13:23:42.860Z"}
{"level":"info","message":"Server running on port 5000","timestamp":"2024-11-08T13:23:49.930Z"}
{"level":"info","message":"Server running on port 5000","timestamp":"2024-11-08T13:23:59.949Z"}
{"level":"info","message":"MongoDB Connected Successfully","timestamp":"2024-11-08T13:24:01.353Z"}
{"level":"info","message":"Server running on port 5000","timestamp":"2024-11-08T13:24:11.895Z"}
{"level":"info","message":"Server running on port 5000","timestamp":"2024-11-08T13:24:14.663Z"}
{"level":"info","message":"MongoDB Connected Successfully","timestamp":"2024-11-08T13:24:15.914Z"}
{"level":"info","message":"Server running on port 5000","timestamp":"2024-11-08T13:24:23.214Z"}
{"level":"info","message":"Server running on port 5000","timestamp":"2024-11-08T13:24:28.474Z"}
{"level":"info","message":"MongoDB Connected Successfully","timestamp":"2024-11-08T13:24:30.963Z"}
{"level":"info","message":"::1 - - [08/Nov/2024:13:24:41 +0000] \"PUT /api/students/672e0fc75987bbf7ed3e4b97 HTTP/1.1\" 400 51 \"-\" \"PostmanRuntime/7.42.0\"","timestamp":"2024-11-08T13:24:41.215Z"}
{"level":"info","message":"Server running on port 5000","timestamp":"2024-11-08T13:25:13.770Z"}
{"level":"info","message":"MongoDB Connected Successfully","timestamp":"2024-11-08T13:25:17.053Z"}
{"level":"info","message":"Server running on port 5000","timestamp":"2024-11-08T13:25:23.301Z"}
{"level":"info","message":"MongoDB Connected Successfully","timestamp":"2024-11-08T13:25:28.044Z"}
{"level":"info","message":"::1 - - [08/Nov/2024:13:25:28 +0000] \"PUT /api/students/672e0fc75987bbf7ed3e4b97 HTTP/1.1\" 400 51 \"-\" \"PostmanRuntime/7.42.0\"","timestamp":"2024-11-08T13:25:28.841Z"}
{"level":"info","message":"::1 - - [08/Nov/2024:13:25:31 +0000] \"PUT /api/students/672e0fc75987bbf7ed3e4b97 HTTP/1.1\" 400 51 \"-\" \"PostmanRuntime/7.42.0\"","timestamp":"2024-11-08T13:25:31.293Z"}
{"level":"info","message":"Server running on port 5000","timestamp":"2024-11-08T13:25:40.906Z"}
{"level":"info","message":"::1 - - [08/Nov/2024:13:25:41 +0000] \"PUT /api/students/672e0fc75987bbf7ed3e4b97 HTTP/1.1\" 400 51 \"-\" \"PostmanRuntime/7.42.0\"","timestamp":"2024-11-08T13:25:41.935Z"}
{"level":"info","message":"MongoDB Connected Successfully","timestamp":"2024-11-08T13:25:44.313Z"}
{"level":"info","message":"Server running on port 5000","timestamp":"2024-11-08T13:28:14.623Z"}
{"level":"info","message":"MongoDB Connected Successfully","timestamp":"2024-11-08T13:28:16.395Z"}
{"level":"info","message":"Server running on port 5000","timestamp":"2024-11-08T13:28:43.697Z"}
{"level":"info","message":"MongoDB Connected Successfully","timestamp":"2024-11-08T13:28:44.968Z"}
{"level":"info","message":"Server running on port 5000","timestamp":"2024-11-08T14:50:41.510Z"}
{"level":"info","message":"MongoDB Connected Successfully","timestamp":"2024-11-08T14:50:43.866Z"}
{"level":"info","message":"::1 - - [08/Nov/2024:14:51:10 +0000] \"PUT /api/students/672e0fc75987bbf7ed3e4b97 HTTP/1.1\" 400 51 \"-\" \"PostmanRuntime/7.42.0\"","timestamp":"2024-11-08T14:51:10.022Z"}
{"level":"info","message":"::1 - - [08/Nov/2024:14:51:13 +0000] \"PUT /api/students/672e0fc75987bbf7ed3e4b97 HTTP/1.1\" 400 51 \"-\" \"PostmanRuntime/7.42.0\"","timestamp":"2024-11-08T14:51:13.105Z"}
{"level":"info","message":"::1 - - [08/Nov/2024:14:51:58 +0000] \"PUT /api/students/672e0fc75987bbf7ed3e4b97 HTTP/1.1\" 400 53 \"-\" \"PostmanRuntime/7.42.0\"","timestamp":"2024-11-08T14:51:58.333Z"}
{"level":"info","message":"::1 - - [08/Nov/2024:14:52:22 +0000] \"PUT /api/students/672e0fc75987bbf7ed3e4b97 HTTP/1.1\" 200 228 \"-\" \"PostmanRuntime/7.42.0\"","timestamp":"2024-11-08T14:52:22.570Z"}
{"level":"info","message":"::1 - - [08/Nov/2024:14:55:48 +0000] \"GET /api/shifts HTTP/1.1\" 500 100 \"-\" \"PostmanRuntime/7.42.0\"","timestamp":"2024-11-08T14:55:48.783Z"}
{"level":"info","message":"::1 - - [08/Nov/2024:14:56:15 +0000] \"GET /api/shifts HTTP/1.1\" 200 340 \"-\" \"PostmanRuntime/7.42.0\"","timestamp":"2024-11-08T14:56:15.422Z"}
{"level":"info","message":"::1 - - [08/Nov/2024:14:57:25 +0000] \"POST /api/courses HTTP/1.1\" 201 550 \"-\" \"PostmanRuntime/7.42.0\"","timestamp":"2024-11-08T14:57:25.963Z"}
{"level":"info","message":"::1 - - [08/Nov/2024:15:00:39 +0000] \"POST /api/courses HTTP/1.1\" 201 639 \"-\" \"PostmanRuntime/7.42.0\"","timestamp":"2024-11-08T15:00:39.150Z"}
{"level":"info","message":"::1 - - [08/Nov/2024:15:04:40 +0000] \"GET /api/courses HTTP/1.1\" 200 1558 \"-\" \"PostmanRuntime/7.42.0\"","timestamp":"2024-11-08T15:04:40.690Z"}
{"level":"info","message":"::1 - - [08/Nov/2024:15:05:29 +0000] \"DELETE /api/courses/672e27965928fd4feeee491f HTTP/1.1\" 200 56 \"-\" \"PostmanRuntime/7.42.0\"","timestamp":"2024-11-08T15:05:29.520Z"}
{"level":"info","message":"::1 - - [08/Nov/2024:15:05:42 +0000] \"GET /api/courses HTTP/1.1\" 200 708 \"-\" \"PostmanRuntime/7.42.0\"","timestamp":"2024-11-08T15:05:42.377Z"}
{"level":"info","message":"::1 - - [08/Nov/2024:15:05:56 +0000] \"POST /api/courses HTTP/1.1\" 201 639 \"-\" \"PostmanRuntime/7.42.0\"","timestamp":"2024-11-08T15:05:56.107Z"}
{"level":"info","message":"::1 - - [08/Nov/2024:15:06:44 +0000] \"GET /api/courses HTTP/1.1\" 200 1558 \"-\" \"PostmanRuntime/7.42.0\"","timestamp":"2024-11-08T15:06:44.177Z"}
{"level":"info","message":"::1 - - [08/Nov/2024:15:07:35 +0000] \"PUT /api/courses/672e26d55928fd4feeee491a HTTP/1.1\" 400 50 \"-\" \"PostmanRuntime/7.42.0\"","timestamp":"2024-11-08T15:07:35.355Z"}
{"level":"info","message":"::1 - - [08/Nov/2024:15:07:46 +0000] \"PUT /api/courses/672e26d55928fd4feeee491a HTTP/1.1\" 400 57 \"-\" \"PostmanRuntime/7.42.0\"","timestamp":"2024-11-08T15:07:46.077Z"}
{"level":"info","message":"::1 - - [08/Nov/2024:15:08:47 +0000] \"GET /api/courses/672e26d55928fd4feeee491a HTTP/1.1\" 200 706 \"-\" \"PostmanRuntime/7.42.0\"","timestamp":"2024-11-08T15:08:47.363Z"}
{"level":"info","message":"Server running on port 5000","timestamp":"2024-11-08T15:12:56.622Z"}
{"level":"info","message":"Server running on port 5000","timestamp":"2024-11-08T15:12:58.135Z"}
{"level":"info","message":"MongoDB Connected Successfully","timestamp":"2024-11-08T15:12:59.870Z"}
{"level":"info","message":"Server running on port 5000","timestamp":"2024-11-08T15:13:09.760Z"}
{"level":"info","message":"MongoDB Connected Successfully","timestamp":"2024-11-08T15:13:11.282Z"}
{"level":"info","message":"Server running on port 5000","timestamp":"2024-11-08T15:13:22.031Z"}
{"level":"info","message":"Server running on port 5000","timestamp":"2024-11-08T15:13:23.359Z"}
{"level":"info","message":"MongoDB Connected Successfully","timestamp":"2024-11-08T15:13:24.862Z"}
{"level":"info","message":"Server running on port 5000","timestamp":"2024-11-08T15:13:37.884Z"}
{"level":"info","message":"MongoDB Connected Successfully","timestamp":"2024-11-08T15:13:39.519Z"}
{"level":"info","message":"Server running on port 5000","timestamp":"2024-11-08T15:13:45.944Z"}
{"level":"info","message":"MongoDB Connected Successfully","timestamp":"2024-11-08T15:13:47.495Z"}
{"level":"info","message":"Server running on port 5000","timestamp":"2024-11-08T15:13:50.473Z"}
{"level":"info","message":"Server running on port 5000","timestamp":"2024-11-08T15:13:51.939Z"}
{"level":"info","message":"MongoDB Connected Successfully","timestamp":"2024-11-08T15:13:53.494Z"}
{"level":"info","message":"Server running on port 5000","timestamp":"2024-11-08T15:14:26.969Z"}
{"level":"info","message":"MongoDB Connected Successfully","timestamp":"2024-11-08T15:14:29.282Z"}
{"level":"info","message":"Server running on port 5000","timestamp":"2024-11-08T15:14:42.994Z"}
{"level":"info","message":"MongoDB Connected Successfully","timestamp":"2024-11-08T15:14:44.599Z"}
{"level":"info","message":"Server running on port 5000","timestamp":"2024-11-08T15:15:06.439Z"}
{"level":"info","message":"Server running on port 5000","timestamp":"2024-11-08T15:15:08.366Z"}
{"level":"info","message":"MongoDB Connected Successfully","timestamp":"2024-11-08T15:15:09.973Z"}
{"level":"info","message":"::1 - - [08/Nov/2024:15:17:50 +0000] \"GET /api/registrations HTTP/1.1\" 200 26 \"-\" \"PostmanRuntime/7.42.0\"","timestamp":"2024-11-08T15:17:50.195Z"}
{"level":"info","message":"::1 - - [08/Nov/2024:15:22:27 +0000] \"GET /api/students HTTP/1.1\" 200 3176 \"-\" \"PostmanRuntime/7.42.0\"","timestamp":"2024-11-08T15:22:27.522Z"}
{"level":"info","message":"::1 - - [08/Nov/2024:15:22:57 +0000] \"GET /api/courses HTTP/1.1\" 200 1558 \"-\" \"PostmanRuntime/7.42.0\"","timestamp":"2024-11-08T15:22:57.781Z"}
{"level":"info","message":"::1 - - [08/Nov/2024:15:24:16 +0000] \"POST /api/registrations HTTP/1.1\" 400 58 \"-\" \"PostmanRuntime/7.42.0\"","timestamp":"2024-11-08T15:24:16.053Z"}
{"level":"info","message":"::1 - - [08/Nov/2024:15:25:07 +0000] \"POST /api/registrations HTTP/1.1\" 400 55 \"-\" \"PostmanRuntime/7.42.0\"","timestamp":"2024-11-08T15:25:07.397Z"}
{"level":"info","message":"::1 - - [08/Nov/2024:15:25:39 +0000] \"POST /api/registrations HTTP/1.1\" 400 70 \"-\" \"PostmanRuntime/7.42.0\"","timestamp":"2024-11-08T15:25:39.653Z"}
{"level":"info","message":"Server running on port 5000","timestamp":"2024-11-08T15:27:44.035Z"}
{"level":"info","message":"MongoDB Connected Successfully","timestamp":"2024-11-08T15:27:46.357Z"}
{"level":"info","message":"Server running on port 5000","timestamp":"2024-11-08T15:29:47.983Z"}
{"level":"info","message":"MongoDB Connected Successfully","timestamp":"2024-11-08T15:29:50.290Z"}
{"level":"info","message":"Server running on port 5000","timestamp":"2024-11-08T15:32:33.107Z"}
{"level":"info","message":"Server running on port 5000","timestamp":"2024-11-08T15:32:35.089Z"}
{"level":"info","message":"MongoDB Connected Successfully","timestamp":"2024-11-08T15:32:36.630Z"}
{"level":"info","message":"Server running on port 5000","timestamp":"2024-11-08T15:32:59.854Z"}
{"level":"info","message":"MongoDB Connected Successfully","timestamp":"2024-11-08T15:33:01.375Z"}
{"level":"info","message":"Server running on port 5000","timestamp":"2024-11-08T15:33:16.131Z"}
{"level":"info","message":"MongoDB Connected Successfully","timestamp":"2024-11-08T15:33:17.637Z"}
{"level":"info","message":"Server running on port 5000","timestamp":"2024-11-08T15:33:45.367Z"}
{"level":"info","message":"MongoDB Connected Successfully","timestamp":"2024-11-08T15:33:47.698Z"}
{"level":"info","message":"Server running on port 5000","timestamp":"2024-11-08T15:33:48.706Z"}
{"level":"info","message":"MongoDB Connected Successfully","timestamp":"2024-11-08T15:33:50.193Z"}
{"level":"info","message":"Server running on port 5000","timestamp":"2024-11-08T15:33:56.706Z"}
{"level":"info","message":"MongoDB Connected Successfully","timestamp":"2024-11-08T15:33:58.212Z"}
{"level":"info","message":"Server running on port 5000","timestamp":"2024-11-08T15:34:04.512Z"}
{"level":"info","message":"MongoDB Connected Successfully","timestamp":"2024-11-08T15:34:06.000Z"}
{"level":"info","message":"Server running on port 5000","timestamp":"2024-11-08T15:34:08.885Z"}
{"level":"info","message":"MongoDB Connected Successfully","timestamp":"2024-11-08T15:34:10.416Z"}
{"level":"info","message":"Server running on port 5000","timestamp":"2024-11-08T15:34:18.985Z"}
{"level":"info","message":"MongoDB Connected Successfully","timestamp":"2024-11-08T15:34:20.654Z"}
{"level":"info","message":"Server running on port 5000","timestamp":"2024-11-08T15:34:45.562Z"}
{"level":"info","message":"MongoDB Connected Successfully","timestamp":"2024-11-08T15:34:47.183Z"}
{"level":"info","message":"Server running on port 5000","timestamp":"2024-11-08T15:34:49.256Z"}
{"level":"info","message":"MongoDB Connected Successfully","timestamp":"2024-11-08T15:34:51.534Z"}
{"level":"info","message":"Server running on port 5000","timestamp":"2024-11-08T15:35:00.951Z"}
{"level":"info","message":"MongoDB Connected Successfully","timestamp":"2024-11-08T15:35:02.512Z"}
{"level":"info","message":"Server running on port 5000","timestamp":"2024-11-08T15:35:06.415Z"}
{"level":"info","message":"MongoDB Connected Successfully","timestamp":"2024-11-08T15:35:07.915Z"}
{"level":"info","message":"Server running on port 5000","timestamp":"2024-11-08T15:35:15.903Z"}
{"level":"info","message":"MongoDB Connected Successfully","timestamp":"2024-11-08T15:35:17.416Z"}
{"level":"info","message":"Server running on port 5000","timestamp":"2024-11-08T15:35:30.276Z"}
{"level":"info","message":"Server running on port 5000","timestamp":"2024-11-08T15:35:31.613Z"}
{"level":"info","message":"MongoDB Connected Successfully","timestamp":"2024-11-08T15:35:33.168Z"}
{"level":"info","message":"Server running on port 5000","timestamp":"2024-11-08T15:36:03.856Z"}
{"level":"info","message":"MongoDB Connected Successfully","timestamp":"2024-11-08T15:36:06.359Z"}
{"level":"info","message":"::1 - - [08/Nov/2024:15:36:49 +0000] \"POST /api/registrations HTTP/1.1\" 201 283 \"-\" \"PostmanRuntime/7.42.0\"","timestamp":"2024-11-08T15:36:49.073Z"}
{"level":"info","message":"Server running on port 5000","timestamp":"2024-11-08T15:37:31.577Z"}
{"level":"info","message":"Server running on port 5000","timestamp":"2024-11-08T15:37:33.397Z"}
{"level":"info","message":"MongoDB Connected Successfully","timestamp":"2024-11-08T15:37:34.998Z"}
{"level":"info","message":"Server running on port 5000","timestamp":"2024-11-08T15:37:41.606Z"}
{"level":"info","message":"MongoDB Connected Successfully","timestamp":"2024-11-08T15:37:43.210Z"}
{"level":"info","message":"Server running on port 5000","timestamp":"2024-11-08T15:37:52.476Z"}
{"level":"info","message":"MongoDB Connected Successfully","timestamp":"2024-11-08T15:37:54.070Z"}
{"level":"info","message":"Server running on port 5000","timestamp":"2024-11-08T15:37:57.549Z"}
{"level":"info","message":"MongoDB Connected Successfully","timestamp":"2024-11-08T15:37:59.121Z"}
{"level":"info","message":"Server running on port 5000","timestamp":"2024-11-08T15:38:04.212Z"}
{"level":"info","message":"MongoDB Connected Successfully","timestamp":"2024-11-08T15:38:05.771Z"}
{"level":"info","message":"Server running on port 5000","timestamp":"2024-11-08T15:38:36.045Z"}
{"level":"info","message":"Server running on port 5000","timestamp":"2024-11-08T15:38:37.621Z"}
{"level":"info","message":"Server running on port 5000","timestamp":"2024-11-08T15:38:38.711Z"}
{"level":"info","message":"MongoDB Connected Successfully","timestamp":"2024-11-08T15:38:40.225Z"}
{"level":"info","message":"Server running on port 5000","timestamp":"2024-11-08T15:38:42.063Z"}
{"level":"info","message":"MongoDB Connected Successfully","timestamp":"2024-11-08T15:38:43.571Z"}
{"level":"info","message":"Server running on port 5000","timestamp":"2024-11-08T15:38:44.368Z"}
{"level":"info","message":"MongoDB Connected Successfully","timestamp":"2024-11-08T15:38:45.893Z"}
{"level":"info","message":"Server running on port 5000","timestamp":"2024-11-08T15:38:48.307Z"}
{"level":"info","message":"MongoDB Connected Successfully","timestamp":"2024-11-08T15:38:49.826Z"}
{"level":"info","message":"Server running on port 5000","timestamp":"2024-11-08T15:38:59.034Z"}
{"level":"info","message":"MongoDB Connected Successfully","timestamp":"2024-11-08T15:39:00.568Z"}
{"level":"info","message":"Server running on port 5000","timestamp":"2024-11-08T15:39:04.523Z"}
{"level":"info","message":"MongoDB Connected Successfully","timestamp":"2024-11-08T15:39:06.062Z"}
{"level":"info","message":"::1 - - [08/Nov/2024:15:39:41 +0000] \"POST /api/registrations HTTP/1.1\" 400 58 \"-\" \"PostmanRuntime/7.42.0\"","timestamp":"2024-11-08T15:39:41.482Z"}
{"level":"info","message":"::1 - - [08/Nov/2024:15:40:37 +0000] \"POST /api/registrations HTTP/1.1\" 400 58 \"-\" \"PostmanRuntime/7.42.0\"","timestamp":"2024-11-08T15:40:37.989Z"}
{"level":"info","message":"::1 - - [08/Nov/2024:15:40:56 +0000] \"POST /api/registrations HTTP/1.1\" 400 75 \"-\" \"PostmanRuntime/7.42.0\"","timestamp":"2024-11-08T15:40:56.172Z"}
{"level":"info","message":"::1 - - [08/Nov/2024:15:41:20 +0000] \"POST /api/registrations HTTP/1.1\" 404 45 \"-\" \"PostmanRuntime/7.42.0\"","timestamp":"2024-11-08T15:41:20.434Z"}
{"level":"info","message":"::1 - - [08/Nov/2024:15:41:48 +0000] \"POST /api/registrations HTTP/1.1\" 201 359 \"-\" \"PostmanRuntime/7.42.0\"","timestamp":"2024-11-08T15:41:48.738Z"}
{"level":"info","message":"::1 - - [08/Nov/2024:15:42:47 +0000] \"GET /api/registrations HTTP/1.1\" 200 1988 \"-\" \"PostmanRuntime/7.42.0\"","timestamp":"2024-11-08T15:42:47.922Z"}
{"level":"info","message":"::1 - - [08/Nov/2024:15:44:34 +0000] \"GET /api/registrations/672e301003d24a602f73d1d3 HTTP/1.1\" 200 958 \"-\" \"PostmanRuntime/7.42.0\"","timestamp":"2024-11-08T15:44:34.538Z"}
{"level":"info","message":"::1 - - [08/Nov/2024:15:45:11 +0000] \"DELETE /api/registrations/672e301003d24a602f73d1d3 HTTP/1.1\" 200 56 \"-\" \"PostmanRuntime/7.42.0\"","timestamp":"2024-11-08T15:45:11.843Z"}
{"level":"info","message":"Server running on port 5000","timestamp":"2024-11-08T15:45:31.908Z"}
{"level":"info","message":"Server running on port 5000","timestamp":"2024-11-08T15:45:33.464Z"}
{"level":"info","message":"MongoDB Connected Successfully","timestamp":"2024-11-08T15:45:35.076Z"}
{"level":"info","message":"Server running on port 5000","timestamp":"2024-11-08T15:45:36.962Z"}
{"level":"info","message":"MongoDB Connected Successfully","timestamp":"2024-11-08T15:45:38.517Z"}
{"level":"info","message":"Server running on port 5000","timestamp":"2024-11-08T15:45:42.519Z"}
{"level":"info","message":"MongoDB Connected Successfully","timestamp":"2024-11-08T15:45:44.090Z"}
{"level":"info","message":"::1 - - [08/Nov/2024:15:45:45 +0000] \"DELETE /api/registrations/672e301003d24a602f73d1d3 HTTP/1.1\" 404 52 \"-\" \"PostmanRuntime/7.42.0\"","timestamp":"2024-11-08T15:45:45.386Z"}
{"level":"info","message":"::1 - - [08/Nov/2024:15:46:06 +0000] \"POST /api/registrations HTTP/1.1\" 400 97 \"-\" \"PostmanRuntime/7.42.0\"","timestamp":"2024-11-08T15:46:06.433Z"}
{"level":"info","message":"::1 - - [08/Nov/2024:15:46:15 +0000] \"POST /api/registrations HTTP/1.1\" 400 97 \"-\" \"PostmanRuntime/7.42.0\"","timestamp":"2024-11-08T15:46:15.335Z"}
{"level":"info","message":"::1 - - [08/Nov/2024:15:46:26 +0000] \"POST /api/registrations HTTP/1.1\" 201 343 \"-\" \"PostmanRuntime/7.42.0\"","timestamp":"2024-11-08T15:46:26.545Z"}
{"level":"info","message":"Server running on port 5000","timestamp":"2024-11-08T15:53:31.339Z"}
{"level":"info","message":"MongoDB Connected Successfully","timestamp":"2024-11-08T15:53:33.703Z"}
{"level":"info","message":"Server running on port 5000","timestamp":"2024-11-08T15:56:31.270Z"}
{"level":"info","message":"MongoDB Connected Successfully","timestamp":"2024-11-08T15:56:33.620Z"}
{"level":"info","message":"Server running on port 5000","timestamp":"2024-11-08T15:56:36.088Z"}
{"level":"info","message":"MongoDB Connected Successfully","timestamp":"2024-11-08T15:56:37.607Z"}
{"level":"info","message":"Server running on port 5000","timestamp":"2024-11-08T15:56:41.261Z"}
{"level":"info","message":"Server running on port 5000","timestamp":"2024-11-08T15:56:42.486Z"}
{"level":"info","message":"MongoDB Connected Successfully","timestamp":"2024-11-08T15:56:43.987Z"}
{"level":"info","message":"Server running on port 5000","timestamp":"2024-11-08T15:56:51.693Z"}
{"level":"info","message":"MongoDB Connected Successfully","timestamp":"2024-11-08T15:56:53.246Z"}
{"level":"info","message":"Server running on port 5000","timestamp":"2024-11-08T15:56:59.745Z"}
{"level":"info","message":"MongoDB Connected Successfully","timestamp":"2024-11-08T15:57:01.274Z"}
{"level":"info","message":"Server running on port 5000","timestamp":"2024-11-08T15:57:18.040Z"}
{"level":"info","message":"MongoDB Connected Successfully","timestamp":"2024-11-08T15:57:19.596Z"}
{"level":"info","message":"::1 - - [08/Nov/2024:15:58:32 +0000] \"GET /api/payments HTTP/1.1\" 200 1929 \"-\" \"PostmanRuntime/7.42.0\"","timestamp":"2024-11-08T15:58:32.789Z"}
{"level":"info","message":"::1 - - [08/Nov/2024:16:03:33 +0000] \"GET /api/payments/672e301003d24a602f73d1d3 HTTP/1.1\" 404 176 \"-\" \"PostmanRuntime/7.42.0\"","timestamp":"2024-11-08T16:03:33.961Z"}
{"level":"info","message":"::1 - - [08/Nov/2024:16:04:03 +0000] \"GET /api/registrations//registration/672e301003d24a602f73d1d3 HTTP/1.1\" 404 195 \"-\" \"PostmanRuntime/7.42.0\"","timestamp":"2024-11-08T16:04:03.317Z"}
{"level":"info","message":"::1 - - [08/Nov/2024:16:04:26 +0000] \"GET /api/payments/registration/672e301003d24a602f73d1d3 HTTP/1.1\" 200 595 \"-\" \"PostmanRuntime/7.42.0\"","timestamp":"2024-11-08T16:04:26.467Z"}
{"level":"info","message":"::1 - - [08/Nov/2024:16:07:25 +0000] \"GET /api/payments/registration/ HTTP/1.1\" 404 165 \"-\" \"PostmanRuntime/7.42.0\"","timestamp":"2024-11-08T16:07:25.052Z"}
{"level":"info","message":"::1 - - [08/Nov/2024:16:07:38 +0000] \"GET /api/payments HTTP/1.1\" 200 1929 \"-\" \"PostmanRuntime/7.42.0\"","timestamp":"2024-11-08T16:07:38.394Z"}
{"level":"info","message":"::1 - - [08/Nov/2024:16:07:55 +0000] \"GET /api/payments/registration/672e301003d24a602f73d1d3 HTTP/1.1\" 200 595 \"-\" \"PostmanRuntime/7.42.0\"","timestamp":"2024-11-08T16:07:55.290Z"}
{"level":"info","message":"Server running on port 5000","timestamp":"2024-11-08T16:14:34.603Z"}
{"level":"info","message":"Server running on port 5000","timestamp":"2024-11-08T16:14:36.938Z"}
{"level":"info","message":"Server running on port 5000","timestamp":"2024-11-08T16:14:43.846Z"}
{"level":"info","message":"MongoDB Connected Successfully","timestamp":"2024-11-08T16:14:45.343Z"}
{"level":"info","message":"Server running on port 5000","timestamp":"2024-11-08T16:14:51.525Z"}
{"level":"info","message":"MongoDB Connected Successfully","timestamp":"2024-11-08T16:14:53.067Z"}
{"level":"info","message":"Server running on port 5000","timestamp":"2024-11-08T16:15:01.190Z"}
{"level":"info","message":"MongoDB Connected Successfully","timestamp":"2024-11-08T16:15:02.763Z"}
{"level":"info","message":"Server running on port 5000","timestamp":"2024-11-08T16:15:06.741Z"}
{"level":"info","message":"MongoDB Connected Successfully","timestamp":"2024-11-08T16:15:08.288Z"}
{"level":"info","message":"Server running on port 5000","timestamp":"2024-11-08T16:15:09.276Z"}
{"level":"info","message":"MongoDB Connected Successfully","timestamp":"2024-11-08T16:15:10.773Z"}
{"level":"info","message":"::1 - - [08/Nov/2024:16:16:17 +0000] \"GET /api/students HTTP/1.1\" 200 3176 \"-\" \"PostmanRuntime/7.42.0\"","timestamp":"2024-11-08T16:16:17.497Z"}
{"level":"info","message":"::1 - - [08/Nov/2024:16:16:48 +0000] \"PUT /api/students/672ddbb76999f0a4e86dc2a3 HTTP/1.1\" 400 51 \"-\" \"PostmanRuntime/7.42.0\"","timestamp":"2024-11-08T16:16:48.331Z"}
{"level":"info","message":"Server running on port 5000","timestamp":"2024-11-08T16:17:00.021Z"}
{"level":"info","message":"MongoDB Connected Successfully","timestamp":"2024-11-08T16:17:01.790Z"}
{"level":"info","message":"::1 - - [08/Nov/2024:16:17:03 +0000] \"PUT /api/students/672ddbb76999f0a4e86dc2a3 HTTP/1.1\" 400 51 \"-\" \"PostmanRuntime/7.42.0\"","timestamp":"2024-11-08T16:17:03.043Z"}
{"level":"info","message":"Server running on port 5000","timestamp":"2024-11-08T16:17:25.621Z"}
{"level":"info","message":"MongoDB Connected Successfully","timestamp":"2024-11-08T16:17:27.173Z"}
{"level":"info","message":"Server running on port 5000","timestamp":"2024-11-08T16:18:30.726Z"}
{"level":"info","message":"MongoDB Connected Successfully","timestamp":"2024-11-08T16:18:32.494Z"}
{"level":"info","message":"::1 - - [08/Nov/2024:16:18:40 +0000] \"PUT /api/students/672ddbb76999f0a4e86dc2a3 HTTP/1.1\" 200 234 \"-\" \"PostmanRuntime/7.42.0\"","timestamp":"2024-11-08T16:18:40.661Z"}
{"level":"info","message":"Server running on port 5000","timestamp":"2024-11-08T16:22:27.282Z"}
{"level":"info","message":"MongoDB Connected Successfully","timestamp":"2024-11-08T16:22:29.256Z"}
{"level":"info","message":"Server running on port 5000","timestamp":"2024-11-08T16:22:33.371Z"}
{"level":"info","message":"MongoDB Connected Successfully","timestamp":"2024-11-08T16:22:35.045Z"}
{"level":"info","message":"Server running on port 5000","timestamp":"2024-11-08T16:22:43.905Z"}
{"level":"info","message":"Server running on port 5000","timestamp":"2024-11-08T16:22:45.516Z"}
{"level":"info","message":"Server running on port 5000","timestamp":"2024-11-08T16:22:46.605Z"}
{"level":"info","message":"MongoDB Connected Successfully","timestamp":"2024-11-08T16:22:48.196Z"}
{"level":"info","message":"Server running on port 5000","timestamp":"2024-11-08T16:22:54.687Z"}
{"level":"info","message":"MongoDB Connected Successfully","timestamp":"2024-11-08T16:22:56.328Z"}
{"level":"info","message":"Server running on port 5000","timestamp":"2024-11-08T16:22:58.168Z"}
{"level":"info","message":"MongoDB Connected Successfully","timestamp":"2024-11-08T16:22:59.730Z"}
{"level":"info","message":"Server running on port 5000","timestamp":"2024-11-08T16:23:46.483Z"}
{"level":"info","message":"Server running on port 5000","timestamp":"2024-11-08T16:23:49.470Z"}
{"level":"info","message":"Server running on port 5000","timestamp":"2024-11-08T16:23:51.799Z"}
{"level":"info","message":"Server running on port 5000","timestamp":"2024-11-08T16:23:53.848Z"}
{"level":"info","message":"Server running on port 5000","timestamp":"2024-11-08T16:23:55.499Z"}
{"level":"info","message":"Server running on port 5000","timestamp":"2024-11-08T16:23:56.500Z"}
{"level":"info","message":"Server running on port 5000","timestamp":"2024-11-08T16:23:57.767Z"}
{"level":"info","message":"MongoDB Connected Successfully","timestamp":"2024-11-08T16:23:59.275Z"}
{"level":"info","message":"Server running on port 5000","timestamp":"2024-11-08T16:24:01.092Z"}
{"level":"info","message":"MongoDB Connected Successfully","timestamp":"2024-11-08T16:24:02.742Z"}
{"level":"info","message":"Server running on port 5000","timestamp":"2024-11-08T16:24:08.876Z"}
{"level":"info","message":"MongoDB Connected Successfully","timestamp":"2024-11-08T16:24:10.402Z"}
{"level":"info","message":"Server running on port 5000","timestamp":"2024-11-08T16:24:15.589Z"}
{"level":"info","message":"MongoDB Connected Successfully","timestamp":"2024-11-08T16:24:17.305Z"}
{"level":"info","message":"Server running on port 5000","timestamp":"2024-11-08T16:24:18.566Z"}
{"level":"info","message":"MongoDB Connected Successfully","timestamp":"2024-11-08T16:24:20.215Z"}
{"level":"info","message":"Server running on port 5000","timestamp":"2024-11-08T16:24:23.622Z"}
{"level":"info","message":"MongoDB Connected Successfully","timestamp":"2024-11-08T16:24:25.217Z"}
{"level":"info","message":"Server running on port 5000","timestamp":"2024-11-08T16:24:26.498Z"}
{"level":"info","message":"MongoDB Connected Successfully","timestamp":"2024-11-08T16:24:28.069Z"}
{"level":"info","message":"Server running on port 5000","timestamp":"2024-11-08T16:24:30.518Z"}
{"level":"info","message":"MongoDB Connected Successfully","timestamp":"2024-11-08T16:24:32.038Z"}
{"level":"info","message":"Server running on port 5000","timestamp":"2024-11-08T16:24:33.308Z"}
{"level":"info","message":"MongoDB Connected Successfully","timestamp":"2024-11-08T16:24:34.920Z"}
{"level":"info","message":"Server running on port 5000","timestamp":"2024-11-08T16:24:40.859Z"}
{"level":"info","message":"Server running on port 5000","timestamp":"2024-11-08T16:24:42.002Z"}
{"level":"info","message":"MongoDB Connected Successfully","timestamp":"2024-11-08T16:24:43.643Z"}
{"level":"info","message":"Server running on port 5000","timestamp":"2024-11-08T16:24:44.576Z"}
{"level":"info","message":"MongoDB Connected Successfully","timestamp":"2024-11-08T16:24:46.160Z"}
{"level":"info","message":"Server running on port 5000","timestamp":"2024-11-08T16:25:06.198Z"}
{"level":"info","message":"MongoDB Connected Successfully","timestamp":"2024-11-08T16:25:08.664Z"}
{"level":"info","message":"::1 - - [08/Nov/2024:16:25:19 +0000] \"GET /api/courses HTTP/1.1\" 200 1558 \"-\" \"PostmanRuntime/7.42.0\"","timestamp":"2024-11-08T16:25:19.107Z"}
{"level":"info","message":"::1 - - [08/Nov/2024:16:25:39 +0000] \"PUT /api/courses/672e26d55928fd4feeee491a HTTP/1.1\" 200 699 \"-\" \"PostmanRuntime/7.42.0\"","timestamp":"2024-11-08T16:25:39.140Z"}
{"level":"info","message":"::1 - - [08/Nov/2024:16:25:56 +0000] \"GET /api/courses HTTP/1.1\" 200 1551 \"-\" \"PostmanRuntime/7.42.0\"","timestamp":"2024-11-08T16:25:56.590Z"}
{"level":"info","message":"Server running on port 5000","timestamp":"2024-11-08T16:31:35.164Z"}
{"level":"info","message":"MongoDB Connected Successfully","timestamp":"2024-11-08T16:31:37.454Z"}
{"level":"info","message":"Server running on port 5000","timestamp":"2024-11-08T16:31:52.868Z"}
{"level":"info","message":"MongoDB Connected Successfully","timestamp":"2024-11-08T16:31:54.355Z"}
{"level":"info","message":"Server running on port 5000","timestamp":"2024-11-08T16:32:19.757Z"}
{"level":"info","message":"MongoDB Connected Successfully","timestamp":"2024-11-08T16:32:21.410Z"}
{"level":"info","message":"Server running on port 5000","timestamp":"2024-11-08T16:33:19.983Z"}
{"level":"info","message":"MongoDB Connected Successfully","timestamp":"2024-11-08T16:33:22.398Z"}
{"level":"info","message":"Server running on port 5000","timestamp":"2024-11-08T16:33:36.694Z"}
{"level":"info","message":"Server running on port 5000","timestamp":"2024-11-08T16:33:38.447Z"}
{"level":"info","message":"MongoDB Connected Successfully","timestamp":"2024-11-08T16:33:40.043Z"}
{"level":"info","message":"Server running on port 5000","timestamp":"2024-11-08T16:34:01.117Z"}
{"level":"info","message":"MongoDB Connected Successfully","timestamp":"2024-11-08T16:34:02.648Z"}
{"level":"info","message":"Server running on port 5000","timestamp":"2024-11-08T16:34:11.896Z"}
{"level":"info","message":"MongoDB Connected Successfully","timestamp":"2024-11-08T16:34:13.455Z"}
{"level":"info","message":"Server running on port 5000","timestamp":"2024-11-08T16:34:21.270Z"}
{"level":"info","message":"MongoDB Connected Successfully","timestamp":"2024-11-08T16:34:23.642Z"}
{"level":"info","message":"Server running on port 5000","timestamp":"2024-11-08T16:34:51.393Z"}
{"level":"info","message":"MongoDB Connected Successfully","timestamp":"2024-11-08T16:34:52.950Z"}
{"level":"info","message":"Server running on port 5000","timestamp":"2024-11-08T16:34:59.244Z"}
{"level":"info","message":"MongoDB Connected Successfully","timestamp":"2024-11-08T16:35:00.780Z"}
{"level":"info","message":"Server running on port 5000","timestamp":"2024-11-08T16:35:01.492Z"}
{"level":"info","message":"MongoDB Connected Successfully","timestamp":"2024-11-08T16:35:03.026Z"}
{"level":"info","message":"Server running on port 5000","timestamp":"2024-11-08T16:35:04.336Z"}
{"level":"info","message":"MongoDB Connected Successfully","timestamp":"2024-11-08T16:35:05.953Z"}
{"level":"info","message":"Server running on port 5000","timestamp":"2024-11-08T16:42:26.247Z"}
{"level":"info","message":"MongoDB Connected Successfully","timestamp":"2024-11-08T16:42:28.557Z"}
{"level":"info","message":"::1 - - [08/Nov/2024:16:44:44 +0000] \"PUT /api/payments/672e301003d24a602f73d1d5 HTTP/1.1\" 200 213 \"-\" \"PostmanRuntime/7.42.0\"","timestamp":"2024-11-08T16:44:44.834Z"}
{"level":"info","message":"::1 - - [08/Nov/2024:16:47:58 +0000] \"PUT /api/payments/672e301003d24a602f73d1d5 HTTP/1.1\" 200 215 \"-\" \"PostmanRuntime/7.42.0\"","timestamp":"2024-11-08T16:47:58.551Z"}
{"level":"info","message":"Server running on port 5000","timestamp":"2024-11-08T16:50:50.417Z"}
{"level":"info","message":"MongoDB Connected Successfully","timestamp":"2024-11-08T16:50:52.746Z"}
{"level":"info","message":"Server running on port 5000","timestamp":"2024-11-08T16:50:54.085Z"}
{"level":"info","message":"MongoDB Connected Successfully","timestamp":"2024-11-08T16:50:55.680Z"}
{"level":"info","message":"::1 - - [08/Nov/2024:17:26:56 +0000] \"GET /api/registrations HTTP/1.1\" 200 1992 \"-\" \"PostmanRuntime/7.42.0\"","timestamp":"2024-11-08T17:26:56.417Z"}
{"level":"info","message":"::1 - - [08/Nov/2024:17:28:05 +0000] \"DELETE /api/registrations/672e313c7a1e3a723973f9b4 HTTP/1.1\" 500 68 \"-\" \"PostmanRuntime/7.42.0\"","timestamp":"2024-11-08T17:28:05.385Z"}
{"level":"info","message":"::1 - - [08/Nov/2024:17:28:45 +0000] \"DELETE /api/registrations/672e313c7a1e3a723973f9b4 HTTP/1.1\" 500 68 \"-\" \"PostmanRuntime/7.42.0\"","timestamp":"2024-11-08T17:28:45.519Z"}
{"level":"info","message":"::1 - - [08/Nov/2024:17:29:32 +0000] \"DELETE /api/registrations/672e313c7a1e3a723973f9b4 HTTP/1.1\" 500 68 \"-\" \"PostmanRuntime/7.42.0\"","timestamp":"2024-11-08T17:29:32.663Z"}
{"level":"info","message":"::1 - - [08/Nov/2024:17:32:14 +0000] \"DELETE /api/registrations/672e313c7a1e3a723973f9b4 HTTP/1.1\" 200 62 \"-\" \"PostmanRuntime/7.42.0\"","timestamp":"2024-11-08T17:32:14.557Z"}
